<?xml version="1.0" encoding="UTF-8"?>
<testsuite name="com.kodilla.patterns.singleton.LoggerTestSuite" tests="1" skipped="0" failures="0" errors="0" timestamp="2021-05-18T19:29:36" hostname="macbook-air-julia.home" time="0.015">
  <properties/>
  <testcase name="testGetLastLog()" classname="com.kodilla.patterns.singleton.LoggerTestSuite" time="0.015"/>
  <system-out><![CDATA[Log: [przykladowy tekst]
]]></system-out>
  <system-err><![CDATA[]]></system-err>
</testsuite>
