<?xml version="1.0" encoding="UTF-8"?>
<testsuite name="com.kodilla.patterns.factory.tasks.TaskFactoryTestSuite" tests="3" skipped="0" failures="0" errors="0" timestamp="2021-05-18T22:35:33" hostname="macbook-air-julia.home" time="0.079">
  <properties/>
  <testcase name="testFactoryDrivingTask()" classname="com.kodilla.patterns.factory.tasks.TaskFactoryTestSuite" time="0.056"/>
  <testcase name="testFactoryPaintingTask()" classname="com.kodilla.patterns.factory.tasks.TaskFactoryTestSuite" time="0.002"/>
  <testcase name="testFactoryShoppingTask()" classname="com.kodilla.patterns.factory.tasks.TaskFactoryTestSuite" time="0.017"/>
  <system-out><![CDATA[]]></system-out>
  <system-err><![CDATA[]]></system-err>
</testsuite>
